<?xml version="1.0" encoding="UTF-8"?>
<!-- Generated by org.testng.reporters.JUnitXMLReporter -->
<testsuite hostname="LAPTOP-O3NU1SKJ" failures="0" tests="1" name="Default test(failed)" time="2.728" errors="0" timestamp="2 Apr 2021 06:44:43 GMT">
  <testcase classname="com.lumens.testcases.Loginpagetest" name="@BeforeMethod Setup" time="0.0">
    <failure type="org.openqa.selenium.SessionNotCreatedException" message="session not created: This version of ChromeDriver only supports Chrome version 78
Build info: version: &amp;apos;3.141.59&amp;apos;, revision: &amp;apos;e82be7d358&amp;apos;, time: &amp;apos;2018-11-14T08:17:03&amp;apos;
System info: host: &amp;apos;LAPTOP-O3NU1SKJ&amp;apos;, ip: &amp;apos;172.20.10.3&amp;apos;, os.name: &amp;apos;Windows 10&amp;apos;, os.arch: &amp;apos;amd64&amp;apos;, os.version: &amp;apos;10.0&amp;apos;, java.version: &amp;apos;13.0.1&amp;apos;
Driver info: driver.version: ChromeDriver
remote stacktrace: Backtrace:
	Ordinal0 [0x0044A923+1550627]
	Ordinal0 [0x003CA731+1025841]
	Ordinal0 [0x0034C715+509717]
	Ordinal0 [0x002DFC68+64616]
	Ordinal0 [0x002DC594+50580]
	Ordinal0 [0x002FACE7+175335]
	Ordinal0 [0x002FA8ED+174317]
	Ordinal0 [0x002F8CDB+167131]
	Ordinal0 [0x002E144A+70730]
	Ordinal0 [0x002E24D0+74960]
	Ordinal0 [0x002E2469+74857]
	Ordinal0 [0x003E42F7+1131255]
	GetHandleVerifier [0x004E711D+523789]
	GetHandleVerifier [0x004E6EB0+523168]
	GetHandleVerifier [0x004EE207+552695]
	GetHandleVerifier [0x004E791A+525834]
	Ordinal0 [0x003DB82C+1095724]
	Ordinal0 [0x003E636B+1139563]
	Ordinal0 [0x003E64D3+1139923]
	Ordinal0 [0x003E5455+1135701]
	BaseThreadInitThunk [0x751F6359+25]
	RtlGetAppContainerNamedObjectPath [0x77118944+228]
	RtlGetAppContainerNamedObjectPath [0x77118914+180]
">
      <![CDATA[org.openqa.selenium.SessionNotCreatedException: session not created: This version of ChromeDriver only supports Chrome version 78
Build info: version: '3.141.59', revision: 'e82be7d358', time: '2018-11-14T08:17:03'
System info: host: 'LAPTOP-O3NU1SKJ', ip: '172.20.10.3', os.name: 'Windows 10', os.arch: 'amd64', os.version: '10.0', java.version: '13.0.1'
Driver info: driver.version: ChromeDriver
remote stacktrace: Backtrace:
	Ordinal0 [0x0044A923+1550627]
	Ordinal0 [0x003CA731+1025841]
	Ordinal0 [0x0034C715+509717]
	Ordinal0 [0x002DFC68+64616]
	Ordinal0 [0x002DC594+50580]
	Ordinal0 [0x002FACE7+175335]
	Ordinal0 [0x002FA8ED+174317]
	Ordinal0 [0x002F8CDB+167131]
	Ordinal0 [0x002E144A+70730]
	Ordinal0 [0x002E24D0+74960]
	Ordinal0 [0x002E2469+74857]
	Ordinal0 [0x003E42F7+1131255]
	GetHandleVerifier [0x004E711D+523789]
	GetHandleVerifier [0x004E6EB0+523168]
	GetHandleVerifier [0x004EE207+552695]
	GetHandleVerifier [0x004E791A+525834]
	Ordinal0 [0x003DB82C+1095724]
	Ordinal0 [0x003E636B+1139563]
	Ordinal0 [0x003E64D3+1139923]
	Ordinal0 [0x003E5455+1135701]
	BaseThreadInitThunk [0x751F6359+25]
	RtlGetAppContainerNamedObjectPath [0x77118944+228]
	RtlGetAppContainerNamedObjectPath [0x77118914+180]

	at org.openqa.selenium.remote.W3CHandshakeResponse.lambda$errorHandler$0(W3CHandshakeResponse.java:62)
	at org.openqa.selenium.remote.HandshakeResponse.lambda$getResponseFunction$0(HandshakeResponse.java:30)
	at org.openqa.selenium.remote.ProtocolHandshake.lambda$createSession$0(ProtocolHandshake.java:126)
	at java.base/java.util.stream.ReferencePipeline$3$1.accept(ReferencePipeline.java:195)
	at java.base/java.util.Spliterators$ArraySpliterator.tryAdvance(Spliterators.java:958)
	at java.base/java.util.stream.ReferencePipeline.forEachWithCancel(ReferencePipeline.java:127)
	at java.base/java.util.stream.AbstractPipeline.copyIntoWithCancel(AbstractPipeline.java:502)
	at java.base/java.util.stream.AbstractPipeline.copyInto(AbstractPipeline.java:488)
	at java.base/java.util.stream.AbstractPipeline.wrapAndCopyInto(AbstractPipeline.java:474)
	at java.base/java.util.stream.FindOps$FindOp.evaluateSequential(FindOps.java:150)
	at java.base/java.util.stream.AbstractPipeline.evaluate(AbstractPipeline.java:234)
	at java.base/java.util.stream.ReferencePipeline.findFirst(ReferencePipeline.java:543)
	at org.openqa.selenium.remote.ProtocolHandshake.createSession(ProtocolHandshake.java:128)
	at org.openqa.selenium.remote.ProtocolHandshake.createSession(ProtocolHandshake.java:74)
	at org.openqa.selenium.remote.HttpCommandExecutor.execute(HttpCommandExecutor.java:136)
	at org.openqa.selenium.remote.service.DriverCommandExecutor.execute(DriverCommandExecutor.java:83)
	at org.openqa.selenium.remote.RemoteWebDriver.execute(RemoteWebDriver.java:552)
	at org.openqa.selenium.remote.RemoteWebDriver.startSession(RemoteWebDriver.java:213)
	at org.openqa.selenium.remote.RemoteWebDriver.<init>(RemoteWebDriver.java:131)
	at org.openqa.selenium.chrome.ChromeDriver.<init>(ChromeDriver.java:181)
	at org.openqa.selenium.chrome.ChromeDriver.<init>(ChromeDriver.java:168)
	at org.openqa.selenium.chrome.ChromeDriver.<init>(ChromeDriver.java:123)
	at com.lumes.qa.base.Testbase.initailzation(Testbase.java:39)
	at com.lumens.testcases.Loginpagetest.Setup(Loginpagetest.java:35)
... Removed 31 stack frames]]>
    </failure>
  </testcase> <!-- @BeforeMethod Setup -->
  <testcase classname="com.lumens.testcases.Loginpagetest" name="validatetitletest" time="0.002">
    <skipped/>
  </testcase> <!-- validatetitletest -->
</testsuite> <!-- Default test(failed) -->
